This is pdfTeX, Version 3.14159265-2.6-1.40.16 (TeX Live 2015) (preloaded format=pdflatex 2015.5.24)  2 JUL 2018 17:22
entering extended mode
 restricted \write18 enabled.
 file:line:error style messages enabled.
 %&-line parsing enabled.
**Main.tex
(./Main.tex
LaTeX2e <2015/01/01>
Babel <3.9l> and hyphenation patterns for 79 languages loaded.
(/usr/local/texlive/2015/texmf-dist/tex/latex/base/article.cls
Document Class: article 2014/09/29 v1.4h Standard LaTeX document class
(/usr/local/texlive/2015/texmf-dist/tex/latex/base/size11.clo
File: size11.clo 2014/09/29 v1.4h Standard LaTeX file (size option)
)
\c@part=\count79
\c@section=\count80
\c@subsection=\count81
\c@subsubsection=\count82
\c@paragraph=\count83
\c@subparagraph=\count84
\c@figure=\count85
\c@table=\count86
\abovecaptionskip=\skip41
\belowcaptionskip=\skip42
\bibindent=\dimen102
)
(/usr/local/texlive/2015/texmf-dist/tex/latex/graphics/color.sty
Package: color 2014/10/28 v1.1a Standard LaTeX Color (DPC)

(/usr/local/texlive/2015/texmf-dist/tex/latex/latexconfig/color.cfg
File: color.cfg 2007/01/18 v1.5 color configuration of teTeX/TeXLive
)
Package color Info: Driver file: pdftex.def on input line 142.

(/usr/local/texlive/2015/texmf-dist/tex/latex/pdftex-def/pdftex.def
File: pdftex.def 2011/05/27 v0.06d Graphics/color for pdfTeX

(/usr/local/texlive/2015/texmf-dist/tex/generic/oberdiek/infwarerr.sty
Package: infwarerr 2010/04/08 v1.3 Providing info/warning/error messages (HO)
)
(/usr/local/texlive/2015/texmf-dist/tex/generic/oberdiek/ltxcmds.sty
Package: ltxcmds 2011/11/09 v1.22 LaTeX kernel commands for general use (HO)
)
\Gread@gobject=\count87
))
(/usr/local/texlive/2015/texmf-dist/tex/latex/graphics/graphicx.sty
Package: graphicx 2014/10/28 v1.0g Enhanced LaTeX Graphics (DPC,SPQR)

(/usr/local/texlive/2015/texmf-dist/tex/latex/graphics/keyval.sty
Package: keyval 2014/10/28 v1.15 key=value parser (DPC)
\KV@toks@=\toks14
)
(/usr/local/texlive/2015/texmf-dist/tex/latex/graphics/graphics.sty
Package: graphics 2014/10/28 v1.0p Standard LaTeX Graphics (DPC,SPQR)

(/usr/local/texlive/2015/texmf-dist/tex/latex/graphics/trig.sty
Package: trig 1999/03/16 v1.09 sin cos tan (DPC)
)
(/usr/local/texlive/2015/texmf-dist/tex/latex/latexconfig/graphics.cfg
File: graphics.cfg 2010/04/23 v1.9 graphics configuration of TeX Live
)
Package graphics Info: Driver file: pdftex.def on input line 94.
)
\Gin@req@height=\dimen103
\Gin@req@width=\dimen104
)
(/usr/local/texlive/2015/texmf-dist/tex/latex/adjustbox/adjustbox.sty
Package: adjustbox 2012/05/21 v1.0 Adjusting TeX boxes (trim, clip, ...)

(/usr/local/texlive/2015/texmf-dist/tex/latex/xkeyval/xkeyval.sty
Package: xkeyval 2014/12/03 v2.7a package option processing (HA)

(/usr/local/texlive/2015/texmf-dist/tex/generic/xkeyval/xkeyval.tex
(/usr/local/texlive/2015/texmf-dist/tex/generic/xkeyval/xkvutils.tex
\XKV@toks=\toks15
\XKV@tempa@toks=\toks16
)
\XKV@depth=\count88
File: xkeyval.tex 2014/12/03 v2.7a key=value parser (HA)
))
(/usr/local/texlive/2015/texmf-dist/tex/latex/adjustbox/adjcalc.sty
Package: adjcalc 2012/05/16 v1.1 Provides advanced setlength with multiple back
-ends (calc, etex, pgfmath)
)
(/usr/local/texlive/2015/texmf-dist/tex/latex/adjustbox/trimclip.sty
Package: trimclip 2012/05/16 v1.0 Trim and clip general TeX material

(/usr/local/texlive/2015/texmf-dist/tex/latex/collectbox/collectbox.sty
Package: collectbox 2012/05/17 v0.4b Collect macro arguments as boxes
\collectedbox=\box26
)
\tc@llx=\dimen105
\tc@lly=\dimen106
\tc@urx=\dimen107
\tc@ury=\dimen108
Package trimclip Info: Using driver 'tc-pdftex.def'.

(/usr/local/texlive/2015/texmf-dist/tex/latex/adjustbox/tc-pdftex.def
File: tc-pdftex.def 2012/05/13 v1.0 Clipping driver for pdftex
))
\adjbox@Width=\dimen109
\adjbox@Height=\dimen110
\adjbox@Depth=\dimen111
\adjbox@Totalheight=\dimen112

(/usr/local/texlive/2015/texmf-dist/tex/latex/ifoddpage/ifoddpage.sty
Package: ifoddpage 2011/09/13 v1.0 Conditionals for odd/even page detection
\c@checkoddpage=\count89
)
(/usr/local/texlive/2015/texmf-dist/tex/latex/varwidth/varwidth.sty
Package: varwidth 2009/03/30 ver 0.92;  Variable-width minipages
\@vwid@box=\box27
\sift@deathcycles=\count90
\@vwid@loff=\dimen113
\@vwid@roff=\dimen114
))
(/usr/local/texlive/2015/texmf-dist/tex/latex/caption/subcaption.sty
Package: subcaption 2013/02/03 v1.1-62 Sub-captions (AR)

(/usr/local/texlive/2015/texmf-dist/tex/latex/caption/caption.sty
Package: caption 2013/05/02 v3.3-89 Customizing captions (AR)

(/usr/local/texlive/2015/texmf-dist/tex/latex/caption/caption3.sty
Package: caption3 2013/05/02 v1.6-88 caption3 kernel (AR)
Package caption3 Info: TeX engine: e-TeX on input line 57.
\captionmargin=\dimen115
\captionmargin@=\dimen116
\captionwidth=\dimen117
\caption@tempdima=\dimen118
\caption@indent=\dimen119
\caption@parindent=\dimen120
\caption@hangindent=\dimen121
)
\c@ContinuedFloat=\count91
)
\c@subfigure=\count92
\c@subtable=\count93
)
(/usr/local/texlive/2015/texmf-dist/tex/latex/float/float.sty
Package: float 2001/11/08 v1.3d Float enhancements (AL)
\c@float@type=\count94
\float@exts=\toks17
\float@box=\box28
\@float@everytoks=\toks18
\@floatcapt=\box29
)
(/usr/local/texlive/2015/texmf-dist/tex/latex/changepage/chngpage.sty
Package: chngpage 2009/10/20 v1.2b change page layout
\c@cp@cnt=\count95
\c@cp@tempcnt=\count96
LaTeX Info: Redefining \checkoddpage on input line 48.
)
(/usr/local/texlive/2015/texmf-dist/tex/latex/tools/enumerate.sty
Package: enumerate 2014/10/28 v3.00 enumerate extensions (DPC)
\@enLab=\toks19
)
(/usr/local/texlive/2015/texmf-dist/tex/latex/boxedminipage/boxedminipage.sty)
(/usr/local/texlive/2015/texmf-dist/tex/latex/bold-extra/bold-extra.sty
Package: bold-extra 2001/11/13 v0.1 Use fonts from cm/mf-extra/bold
)
(/usr/local/texlive/2015/texmf-dist/tex/latex/cite/cite.sty
LaTeX Info: Redefining \cite on input line 302.
LaTeX Info: Redefining \nocite on input line 332.
Package: cite 2015/02/27  v 5.5
)
(/usr/local/texlive/2015/texmf-dist/tex/latex/was/gensymb.sty
Package: gensymb 2003/07/02 v1.0 (WaS)
)
(/usr/local/texlive/2015/texmf-dist/tex/latex/tools/array.sty
Package: array 2014/10/28 v2.4c Tabular extension package (FMi)
\col@sep=\dimen122
\extrarowheight=\dimen123
\NC@list=\toks20
\extratabsurround=\skip43
\backup@length=\skip44
)
(/usr/local/texlive/2015/texmf-dist/tex/latex/tools/longtable.sty
Package: longtable 2014/10/28 v4.11 Multi-page Table package (DPC)
\LTleft=\skip45
\LTright=\skip46
\LTpre=\skip47
\LTpost=\skip48
\LTchunksize=\count97
\LTcapwidth=\dimen124
\LT@head=\box30
\LT@firsthead=\box31
\LT@foot=\box32
\LT@lastfoot=\box33
\LT@cols=\count98
\LT@rows=\count99
\c@LT@tables=\count100
\c@LT@chunks=\count101
\LT@p@ftn=\toks21
)
(/usr/local/texlive/2015/texmf-dist/tex/latex/amsmath/amsmath.sty
Package: amsmath 2013/01/14 v2.14 AMS math features
\@mathmargin=\skip49

For additional information on amsmath, use the `?' option.
(/usr/local/texlive/2015/texmf-dist/tex/latex/amsmath/amstext.sty
Package: amstext 2000/06/29 v2.01

(/usr/local/texlive/2015/texmf-dist/tex/latex/amsmath/amsgen.sty
File: amsgen.sty 1999/11/30 v2.0
\@emptytoks=\toks22
\ex@=\dimen125
))
(/usr/local/texlive/2015/texmf-dist/tex/latex/amsmath/amsbsy.sty
Package: amsbsy 1999/11/29 v1.2d
\pmbraise@=\dimen126
)
(/usr/local/texlive/2015/texmf-dist/tex/latex/amsmath/amsopn.sty
Package: amsopn 1999/12/14 v2.01 operator names
)
\inf@bad=\count102
LaTeX Info: Redefining \frac on input line 210.
\uproot@=\count103
\leftroot@=\count104
LaTeX Info: Redefining \overline on input line 306.
\classnum@=\count105
\DOTSCASE@=\count106
LaTeX Info: Redefining \ldots on input line 378.
LaTeX Info: Redefining \dots on input line 381.
LaTeX Info: Redefining \cdots on input line 466.
\Mathstrutbox@=\box34
\strutbox@=\box35
\big@size=\dimen127
LaTeX Font Info:    Redeclaring font encoding OML on input line 566.
LaTeX Font Info:    Redeclaring font encoding OMS on input line 567.
\macc@depth=\count107
\c@MaxMatrixCols=\count108
\dotsspace@=\muskip10
\c@parentequation=\count109
\dspbrk@lvl=\count110
\tag@help=\toks23
\row@=\count111
\column@=\count112
\maxfields@=\count113
\andhelp@=\toks24
\eqnshift@=\dimen128
\alignsep@=\dimen129
\tagshift@=\dimen130
\tagwidth@=\dimen131
\totwidth@=\dimen132
\lineht@=\dimen133
\@envbody=\toks25
\multlinegap=\skip50
\multlinetaggap=\skip51
\mathdisplay@stack=\toks26
LaTeX Info: Redefining \[ on input line 2665.
LaTeX Info: Redefining \] on input line 2666.
)
(/usr/local/texlive/2015/texmf-dist/tex/latex/psnfss/times.sty
Package: times 2005/04/12 PSNFSS-v9.2a (SPQR) 
)
(/usr/local/texlive/2015/texmf-dist/tex/latex/geometry/geometry.sty
Package: geometry 2010/09/12 v5.6 Page Geometry

(/usr/local/texlive/2015/texmf-dist/tex/generic/oberdiek/ifpdf.sty
Package: ifpdf 2011/01/30 v2.3 Provides the ifpdf switch (HO)
Package ifpdf Info: pdfTeX in PDF mode is detected.
)
(/usr/local/texlive/2015/texmf-dist/tex/generic/oberdiek/ifvtex.sty
Package: ifvtex 2010/03/01 v1.5 Detect VTeX and its facilities (HO)
Package ifvtex Info: VTeX not detected.
)
(/usr/local/texlive/2015/texmf-dist/tex/generic/ifxetex/ifxetex.sty
Package: ifxetex 2010/09/12 v0.6 Provides ifxetex conditional
)
\Gm@cnth=\count114
\Gm@cntv=\count115
\c@Gm@tempcnt=\count116
\Gm@bindingoffset=\dimen134
\Gm@wd@mp=\dimen135
\Gm@odd@mp=\dimen136
\Gm@even@mp=\dimen137
\Gm@layoutwidth=\dimen138
\Gm@layoutheight=\dimen139
\Gm@layouthoffset=\dimen140
\Gm@layoutvoffset=\dimen141
\Gm@dimlist=\toks27
)
(/usr/local/texlive/2015/texmf-dist/tex/latex/setspace/setspace.sty
Package: setspace 2011/12/19 v6.7a set line spacing
)
(/usr/local/texlive/2015/texmf-dist/tex/latex/titlesec/titlesec.sty
Package: titlesec 2011/12/15 v2.10.0 Sectioning titles
\ttl@box=\box36
\beforetitleunit=\skip52
\aftertitleunit=\skip53
\ttl@plus=\dimen142
\ttl@minus=\dimen143
\ttl@toksa=\toks28
\titlewidth=\dimen144
\titlewidthlast=\dimen145
\titlewidthfirst=\dimen146
)
(/usr/local/texlive/2015/texmf-dist/tex/latex/titlesec/titletoc.sty
Package: titletoc 2011/12/15 v1.6 TOC entries
\ttl@leftsep=\dimen147
)
(/usr/local/texlive/2015/texmf-dist/tex/latex/booktabs/booktabs.sty
Package: booktabs 2005/04/14 v1.61803 publication quality tables
\heavyrulewidth=\dimen148
\lightrulewidth=\dimen149
\cmidrulewidth=\dimen150
\belowrulesep=\dimen151
\belowbottomsep=\dimen152
\aboverulesep=\dimen153
\abovetopsep=\dimen154
\cmidrulesep=\dimen155
\cmidrulekern=\dimen156
\defaultaddspace=\dimen157
\@cmidla=\count117
\@cmidlb=\count118
\@aboverulesep=\dimen158
\@belowrulesep=\dimen159
\@thisruleclass=\count119
\@lastruleclass=\count120
\@thisrulewidth=\dimen160
)
(/usr/local/texlive/2015/texmf-dist/tex/latex/lineno/lineno.sty
Package: lineno 2005/11/02 line numbers on paragraphs v4.41
\linenopenalty=\count121
\output=\toks29
\linenoprevgraf=\count122
\linenumbersep=\dimen161
\linenumberwidth=\dimen162
\c@linenumber=\count123
\c@pagewiselinenumber=\count124
\c@LN@truepage=\count125
\c@internallinenumber=\count126
\c@internallinenumbers=\count127
\quotelinenumbersep=\dimen163
\bframerule=\dimen164
\bframesep=\dimen165
\bframebox=\box37
LaTeX Info: Redefining \\ on input line 3056.
)
(/usr/local/texlive/2015/texmf-dist/tex/latex/appendix/appendix.sty
Package: appendix 2009/09/02 v1.2b extra appendix facilities
\c@@pps=\count128
\c@@ppsavesec=\count129
\c@@ppsaveapp=\count130
)
(/usr/local/texlive/2015/texmf-dist/tex/latex/listings/listings.sty
\lst@mode=\count131
\lst@gtempboxa=\box38
\lst@token=\toks30
\lst@length=\count132
\lst@currlwidth=\dimen166
\lst@column=\count133
\lst@pos=\count134
\lst@lostspace=\dimen167
\lst@width=\dimen168
\lst@newlines=\count135
\lst@lineno=\count136
\lst@maxwidth=\dimen169

(/usr/local/texlive/2015/texmf-dist/tex/latex/listings/lstmisc.sty
File: lstmisc.sty 2014/09/06 1.5e (Carsten Heinz)
\c@lstnumber=\count137
\lst@skipnumbers=\count138
\lst@framebox=\box39
)
(/usr/local/texlive/2015/texmf-dist/tex/latex/listings/listings.cfg
File: listings.cfg 2014/09/06 1.5e listings configuration
))
Package: listings 2014/09/06 1.5e (Carsten Heinz)

(/usr/local/texlive/2015/texmf-dist/tex/latex/tools/multicol.sty
Package: multicol 2015/03/31 v1.8m multicolumn formatting (FMi)
\c@tracingmulticols=\count139
\mult@box=\box40
\multicol@leftmargin=\dimen170
\c@unbalance=\count140
\c@collectmore=\count141
\doublecol@number=\count142
\multicoltolerance=\count143
\multicolpretolerance=\count144
\full@width=\dimen171
\page@free=\dimen172
\premulticols=\dimen173
\postmulticols=\dimen174
\multicolsep=\skip54
\multicolbaselineskip=\skip55
\partial@page=\box41
\last@line=\box42
\maxbalancingoverflow=\dimen175
\mult@rightbox=\box43
\mult@grightbox=\box44
\mult@gfirstbox=\box45
\mult@firstbox=\box46
\@tempa=\box47
\@tempa=\box48
\@tempa=\box49
\@tempa=\box50
\@tempa=\box51
\@tempa=\box52
\@tempa=\box53
\@tempa=\box54
\@tempa=\box55
\@tempa=\box56
\@tempa=\box57
\@tempa=\box58
\@tempa=\box59
\@tempa=\box60
\@tempa=\box61
\@tempa=\box62
\@tempa=\box63
\c@columnbadness=\count145
\c@finalcolumnbadness=\count146
\last@try=\dimen176
\multicolovershoot=\dimen177
\multicolundershoot=\dimen178
\mult@nat@firstbox=\box64
\colbreak@box=\box65
\mc@col@check@num=\count147
)
(/usr/local/texlive/2015/texmf-dist/tex/latex/wrapfig/wrapfig.sty
\wrapoverhang=\dimen179
\WF@size=\dimen180
\c@WF@wrappedlines=\count148
\WF@box=\box66
\WF@everypar=\toks31
Package: wrapfig 2003/01/31  v 3.6
)
(/usr/local/texlive/2015/texmf-dist/tex/latex/placeins/placeins.sty
Package: placeins 2005/04/18  v 2.2
)
(./Main.aux)
\openout1 = `Main.aux'.

LaTeX Font Info:    Checking defaults for OML/cmm/m/it on input line 39.
LaTeX Font Info:    ... okay on input line 39.
LaTeX Font Info:    Checking defaults for T1/cmr/m/n on input line 39.
LaTeX Font Info:    ... okay on input line 39.
LaTeX Font Info:    Checking defaults for OT1/cmr/m/n on input line 39.
LaTeX Font Info:    ... okay on input line 39.
LaTeX Font Info:    Checking defaults for OMS/cmsy/m/n on input line 39.
LaTeX Font Info:    ... okay on input line 39.
LaTeX Font Info:    Checking defaults for OMX/cmex/m/n on input line 39.
LaTeX Font Info:    ... okay on input line 39.
LaTeX Font Info:    Checking defaults for U/cmr/m/n on input line 39.
LaTeX Font Info:    ... okay on input line 39.
LaTeX Font Info:    Try loading font information for OT1+ptm on input line 39.
 (/usr/local/texlive/2015/texmf-dist/tex/latex/psnfss/ot1ptm.fd
File: ot1ptm.fd 2001/06/04 font definitions for OT1/ptm.
)
(/usr/local/texlive/2015/texmf-dist/tex/context/base/supp-pdf.mkii
[Loading MPS to PDF converter (version 2006.09.02).]
\scratchcounter=\count149
\scratchdimen=\dimen181
\scratchbox=\box67
\nofMPsegments=\count150
\nofMParguments=\count151
\everyMPshowfont=\toks32
\MPscratchCnt=\count152
\MPscratchDim=\dimen182
\MPnumerator=\count153
\makeMPintoPDFobject=\count154
\everyMPtoPDFconversion=\toks33
) (/usr/local/texlive/2015/texmf-dist/tex/generic/oberdiek/pdftexcmds.sty
Package: pdftexcmds 2011/11/29 v0.20 Utility functions of pdfTeX for LuaTeX (HO
)

(/usr/local/texlive/2015/texmf-dist/tex/generic/oberdiek/ifluatex.sty
Package: ifluatex 2010/03/01 v1.3 Provides the ifluatex switch (HO)
Package ifluatex Info: LuaTeX not detected.
)
Package pdftexcmds Info: LuaTeX not detected.
Package pdftexcmds Info: \pdf@primitive is available.
Package pdftexcmds Info: \pdf@ifprimitive is available.
Package pdftexcmds Info: \pdfdraftmode found.
)
(/usr/local/texlive/2015/texmf-dist/tex/latex/oberdiek/epstopdf-base.sty
Package: epstopdf-base 2010/02/09 v2.5 Base part for package epstopdf

(/usr/local/texlive/2015/texmf-dist/tex/latex/oberdiek/grfext.sty
Package: grfext 2010/08/19 v1.1 Manage graphics extensions (HO)

(/usr/local/texlive/2015/texmf-dist/tex/generic/oberdiek/kvdefinekeys.sty
Package: kvdefinekeys 2011/04/07 v1.3 Define keys (HO)
))
(/usr/local/texlive/2015/texmf-dist/tex/latex/oberdiek/kvoptions.sty
Package: kvoptions 2011/06/30 v3.11 Key value format for package options (HO)

(/usr/local/texlive/2015/texmf-dist/tex/generic/oberdiek/kvsetkeys.sty
Package: kvsetkeys 2012/04/25 v1.16 Key value parser (HO)

(/usr/local/texlive/2015/texmf-dist/tex/generic/oberdiek/etexcmds.sty
Package: etexcmds 2011/02/16 v1.5 Avoid name clashes with e-TeX commands (HO)
Package etexcmds Info: Could not find \expanded.
(etexcmds)             That can mean that you are not using pdfTeX 1.50 or
(etexcmds)             that some package has redefined \expanded.
(etexcmds)             In the latter case, load this package earlier.
)))
Package grfext Info: Graphics extension search list:
(grfext)             [.png,.pdf,.jpg,.mps,.jpeg,.jbig2,.jb2,.PNG,.PDF,.JPG,.JPE
G,.JBIG2,.JB2,.eps]
(grfext)             \AppendGraphicsExtensions on input line 452.

(/usr/local/texlive/2015/texmf-dist/tex/latex/latexconfig/epstopdf-sys.cfg
File: epstopdf-sys.cfg 2010/07/13 v1.3 Configuration of (r)epstopdf for TeX Liv
e
))
Package caption Info: Begin \AtBeginDocument code.
Package caption Info: float package is loaded.
Package caption Info: listings package is loaded.
Package caption Info: longtable package is loaded.

(/usr/local/texlive/2015/texmf-dist/tex/latex/caption/ltcaption.sty
Package: ltcaption 2013/02/03 v1.3-62 longtable captions (AR)
)
Package caption Info: wrapfig package is loaded.
Package caption Info: End \AtBeginDocument code.
LaTeX Info: Redefining \celsius on input line 39.
Package gensymb Info: Faking symbols for \degree and \celsius on input line 39.



Package gensymb Warning: Not defining \perthousand.

LaTeX Info: Redefining \ohm on input line 39.
Package gensymb Info: Using \Omega for \ohm on input line 39.

Package gensymb Warning: Not defining \micro.

*geometry* driver: auto-detecting
*geometry* detected driver: pdftex
*geometry* verbose mode - [ preamble ] result:
* driver: pdftex
* paper: letterpaper
* layout: <same size as paper>
* layoutoffset:(h,v)=(0.0pt,0.0pt)
* modes: 
* h-part:(L,W,R)=(90.3375pt, 433.62001pt, 90.3375pt)
* v-part:(T,H,B)=(90.3375pt, 614.295pt, 90.3375pt)
* \paperwidth=614.295pt
* \paperheight=794.96999pt
* \textwidth=433.62001pt
* \textheight=614.295pt
* \oddsidemargin=18.0675pt
* \evensidemargin=18.0675pt
* \topmargin=-18.9325pt
* \headheight=12.0pt
* \headsep=25.0pt
* \topskip=11.0pt
* \footskip=30.0pt
* \marginparwidth=59.0pt
* \marginparsep=10.0pt
* \columnsep=10.0pt
* \skip\footins=10.0pt plus 4.0pt minus 2.0pt
* \hoffset=0.0pt
* \voffset=0.0pt
* \mag=1000
* \@twocolumnfalse
* \@twosidefalse
* \@mparswitchfalse
* \@reversemarginfalse
* (1in=72.27pt=25.4mm, 1cm=28.453pt)

\c@lstlisting=\count155
<./Images/EnigmaScreenshot.png, id=1, 1265.72874pt x 616.80438pt>
File: ./Images/EnigmaScreenshot.png Graphic file (type png)

<use ./Images/EnigmaScreenshot.png>
Package pdftex.def Info: ./Images/EnigmaScreenshot.png used on input line 44.
(pdftex.def)             Requested size: 433.62001pt x 211.30128pt.
 [1

{/usr/local/texlive/2015/texmf-var/fonts/map/pdftex/updmap/pdftex.map}]
LaTeX Font Info:    Font shape `OT1/ptm/bx/n' in size <14.4> not available
(Font)              Font shape `OT1/ptm/b/n' tried instead on input line 49.
 [2 <./Images/EnigmaScreenshot.png>] [3]
LaTeX Font Info:    Font shape `OT1/ptm/bx/n' in size <12> not available
(Font)              Font shape `OT1/ptm/b/n' tried instead on input line 83.
 [4]
<./Images/BokehAppScreenshot.png, id=20, 1273.75874pt x 603.75563pt>
File: ./Images/BokehAppScreenshot.png Graphic file (type png)

<use ./Images/BokehAppScreenshot.png>
Package pdftex.def Info: ./Images/BokehAppScreenshot.png used on input line 107
.
(pdftex.def)             Requested size: 433.62001pt x 205.53215pt.
 [5] [6 <./Images/BokehAppScreenshot.png>] <./Images/tx_unemp_1995.png, id=28, 
1003.75pt x 903.375pt>
File: ./Images/tx_unemp_1995.png Graphic file (type png)

<use ./Images/tx_unemp_1995.png>
Package pdftex.def Info: ./Images/tx_unemp_1995.png used on input line 129.
(pdftex.def)             Requested size: 156.10439pt x 140.49034pt.

Overfull \hbox (26.01706pt too wide) in paragraph at lines 129--130
[][] 
 []

<./Images/tx_unemp_2005.png, id=29, 1003.75pt x 903.375pt>
File: ./Images/tx_unemp_2005.png Graphic file (type png)

<use ./Images/tx_unemp_2005.png>
Package pdftex.def Info: ./Images/tx_unemp_2005.png used on input line 133.
(pdftex.def)             Requested size: 156.10439pt x 140.49034pt.

Overfull \hbox (26.01706pt too wide) in paragraph at lines 133--134
[][] 
 []

<./Images/tx_unemp_2015.png, id=30, 1003.75pt x 903.375pt>
File: ./Images/tx_unemp_2015.png Graphic file (type png)

<use ./Images/tx_unemp_2015.png>
Package pdftex.def Info: ./Images/tx_unemp_2015.png used on input line 137.
(pdftex.def)             Requested size: 156.10439pt x 140.49034pt.

Overfull \hbox (26.01706pt too wide) in paragraph at lines 137--138
[][] 
 []

<./Images/tx_prod_1995.png, id=31, 1003.75pt x 903.375pt>
File: ./Images/tx_prod_1995.png Graphic file (type png)

<use ./Images/tx_prod_1995.png>
Package pdftex.def Info: ./Images/tx_prod_1995.png used on input line 141.
(pdftex.def)             Requested size: 156.10439pt x 140.49034pt.

Overfull \hbox (26.01706pt too wide) in paragraph at lines 141--142
[][] 
 []

<./Images/tx_prod_2005.png, id=32, 1003.75pt x 903.375pt>
File: ./Images/tx_prod_2005.png Graphic file (type png)

<use ./Images/tx_prod_2005.png>
Package pdftex.def Info: ./Images/tx_prod_2005.png used on input line 145.
(pdftex.def)             Requested size: 156.10439pt x 140.49034pt.

Overfull \hbox (26.01706pt too wide) in paragraph at lines 145--146
[][] 
 []

<./Images/tx_prod_2015.png, id=33, 1003.75pt x 903.375pt>
File: ./Images/tx_prod_2015.png Graphic file (type png)

<use ./Images/tx_prod_2015.png>
Package pdftex.def Info: ./Images/tx_prod_2015.png used on input line 149.
(pdftex.def)             Requested size: 156.10439pt x 140.49034pt.

Overfull \hbox (26.01706pt too wide) in paragraph at lines 149--150
[][] 
 []

<./Images/tx_maverick_oil_price.png, id=34, 1405.25pt x 803.0pt>
File: ./Images/tx_maverick_oil_price.png Graphic file (type png)

<use ./Images/tx_maverick_oil_price.png>
Package pdftex.def Info: ./Images/tx_maverick_oil_price.png used on input line 
158.
(pdftex.def)             Requested size: 260.17465pt x 148.66295pt.

<./Images/tx_valverde_oil_price.png, id=35, 1405.25pt x 803.0pt>
File: ./Images/tx_valverde_oil_price.png Graphic file (type png)

<use ./Images/tx_valverde_oil_price.png>
Package pdftex.def Info: ./Images/tx_valverde_oil_price.png used on input line 
162.
(pdftex.def)             Requested size: 260.17465pt x 148.66295pt.

<./Images/tx_maverick_oil_prod.png, id=36, 1405.25pt x 803.0pt>
File: ./Images/tx_maverick_oil_prod.png Graphic file (type png)

<use ./Images/tx_maverick_oil_prod.png>
Package pdftex.def Info: ./Images/tx_maverick_oil_prod.png used on input line 1
66.
(pdftex.def)             Requested size: 260.17465pt x 148.66295pt.

<./Images/tx_maverick_snp.png, id=37, 1405.25pt x 803.0pt>
File: ./Images/tx_maverick_snp.png Graphic file (type png)

<use ./Images/tx_maverick_snp.png>
Package pdftex.def Info: ./Images/tx_maverick_snp.png used on input line 170.
(pdftex.def)             Requested size: 260.17465pt x 148.66295pt.

<./Images/tx_valverde_oil_prod.png, id=38, 1405.25pt x 803.0pt>
File: ./Images/tx_valverde_oil_prod.png Graphic file (type png)

<use ./Images/tx_valverde_oil_prod.png>
Package pdftex.def Info: ./Images/tx_valverde_oil_prod.png used on input line 1
74.
(pdftex.def)             Requested size: 156.10637pt x 89.20021pt.

<./Images/tx_valverde_snp.png, id=39, 1405.25pt x 803.0pt>
File: ./Images/tx_valverde_snp.png Graphic file (type png)

<use ./Images/tx_valverde_snp.png>
Package pdftex.def Info: ./Images/tx_valverde_snp.png used on input line 178.
(pdftex.def)             Requested size: 156.10637pt x 89.20021pt.


LaTeX Warning: Float too large for page by 209.75722pt on input line 183.

File: ./Images/tx_valverde_oil_price.png Graphic file (type png)
<use ./Images/tx_valverde_oil_price.png>
Package pdftex.def Info: ./Images/tx_valverde_oil_price.png used on input line 
188.
(pdftex.def)             Requested size: 260.17465pt x 148.66295pt.
File: ./Images/tx_valverde_oil_prod.png Graphic file (type png)

<use ./Images/tx_valverde_oil_prod.png>
Package pdftex.def Info: ./Images/tx_valverde_oil_prod.png used on input line 1
92.
(pdftex.def)             Requested size: 260.17465pt x 148.66295pt.
File: ./Images/tx_valverde_snp.png Graphic file (type png)
 <use ./Images/tx_valverde_snp.png>
Package pdftex.def Info: ./Images/tx_valverde_snp.png used on input line 196.
(pdftex.def)             Requested size: 260.17465pt x 148.66295pt.

[7 <./Images/tx_unemp_1995.png> <./Images/tx_unemp_2005.png> <./Images/tx_unemp
_2015.png> <./Images/tx_prod_1995.png> <./Images/tx_prod_2005.png> <./Images/tx
_prod_2015.png>] [8 <./Images/tx_maverick_oil_price.png> <./Images/tx_valverde_
oil_price.png> <./Images/tx_maverick_oil_prod.png> <./Images/tx_maverick_snp.pn
g> <./Images/tx_valverde_oil_prod.png> <./Images/tx_valverde_snp.png>] [9]
<./Images/nd_unemp_1995.png, id=62, 1003.75pt x 903.375pt>
File: ./Images/nd_unemp_1995.png Graphic file (type png)

<use ./Images/nd_unemp_1995.png>
Package pdftex.def Info: ./Images/nd_unemp_1995.png used on input line 216.
(pdftex.def)             Requested size: 156.10439pt x 140.49034pt.

Overfull \hbox (26.01706pt too wide) in paragraph at lines 216--217
[][] 
 []

<./Images/nd_unemp_2005.png, id=63, 1003.75pt x 903.375pt>
File: ./Images/nd_unemp_2005.png Graphic file (type png)

<use ./Images/nd_unemp_2005.png>
Package pdftex.def Info: ./Images/nd_unemp_2005.png used on input line 220.
(pdftex.def)             Requested size: 156.10439pt x 140.49034pt.

Overfull \hbox (26.01706pt too wide) in paragraph at lines 220--221
[][] 
 []

<./Images/nd_unemp_2015.png, id=64, 1003.75pt x 903.375pt>
File: ./Images/nd_unemp_2015.png Graphic file (type png)

<use ./Images/nd_unemp_2015.png>
Package pdftex.def Info: ./Images/nd_unemp_2015.png used on input line 224.
(pdftex.def)             Requested size: 156.10439pt x 140.49034pt.

Overfull \hbox (26.01706pt too wide) in paragraph at lines 224--225
[][] 
 []

<./Images/nd_prod_1995.png, id=65, 1003.75pt x 903.375pt>
File: ./Images/nd_prod_1995.png Graphic file (type png)

<use ./Images/nd_prod_1995.png>
Package pdftex.def Info: ./Images/nd_prod_1995.png used on input line 228.
(pdftex.def)             Requested size: 156.10439pt x 140.49034pt.

Overfull \hbox (26.01706pt too wide) in paragraph at lines 228--229
[][] 
 []

<./Images/nd_prod_2005.png, id=66, 1003.75pt x 903.375pt>
File: ./Images/nd_prod_2005.png Graphic file (type png)

<use ./Images/nd_prod_2005.png>
Package pdftex.def Info: ./Images/nd_prod_2005.png used on input line 232.
(pdftex.def)             Requested size: 156.10439pt x 140.49034pt.

Overfull \hbox (26.01706pt too wide) in paragraph at lines 232--233
[][] 
 []

<./Images/nd_prod_2015.png, id=67, 1003.75pt x 903.375pt>
File: ./Images/nd_prod_2015.png Graphic file (type png)

<use ./Images/nd_prod_2015.png>
Package pdftex.def Info: ./Images/nd_prod_2015.png used on input line 236.
(pdftex.def)             Requested size: 156.10439pt x 140.49034pt.

Overfull \hbox (26.01706pt too wide) in paragraph at lines 236--237
[][] 
 []

<./Images/nd_mckenzie_oil_price.png, id=68, 1405.25pt x 803.0pt>
File: ./Images/nd_mckenzie_oil_price.png Graphic file (type png)

<use ./Images/nd_mckenzie_oil_price.png>
Package pdftex.def Info: ./Images/nd_mckenzie_oil_price.png used on input line 
245.
(pdftex.def)             Requested size: 260.17465pt x 148.66295pt.

<./Images/nd_mckenzie_oil_prod.png, id=69, 1405.25pt x 803.0pt>
File: ./Images/nd_mckenzie_oil_prod.png Graphic file (type png)

<use ./Images/nd_mckenzie_oil_prod.png>
Package pdftex.def Info: ./Images/nd_mckenzie_oil_prod.png used on input line 2
49.
(pdftex.def)             Requested size: 260.17465pt x 148.66295pt.

<./Images/nd_mckenzie_snp.png, id=70, 1405.25pt x 803.0pt>
File: ./Images/nd_mckenzie_snp.png Graphic file (type png)

<use ./Images/nd_mckenzie_snp.png>
Package pdftex.def Info: ./Images/nd_mckenzie_snp.png used on input line 253.
(pdftex.def)             Requested size: 260.17465pt x 148.66295pt.
 [10 <./Images/nd_unemp_1995.png> <./Images/nd_unemp_2005.png> <./Images/nd_une
mp_2015.png> <./Images/nd_prod_1995.png> <./Images/nd_prod_2005.png> <./Images/
nd_prod_2015.png>]
<./Images/nd_mclean_oil_price.png, id=81, 1405.25pt x 803.0pt>
File: ./Images/nd_mclean_oil_price.png Graphic file (type png)

<use ./Images/nd_mclean_oil_price.png>
Package pdftex.def Info: ./Images/nd_mclean_oil_price.png used on input line 26
2.
(pdftex.def)             Requested size: 260.17465pt x 148.66295pt.

<./Images/nd_mclean_oil_prod.png, id=82, 1405.25pt x 803.0pt>
File: ./Images/nd_mclean_oil_prod.png Graphic file (type png)

<use ./Images/nd_mclean_oil_prod.png>
Package pdftex.def Info: ./Images/nd_mclean_oil_prod.png used on input line 266
.
(pdftex.def)             Requested size: 260.17465pt x 148.66295pt.

<./Images/nd_mclean_snp.png, id=83, 1405.25pt x 803.0pt>
File: ./Images/nd_mclean_snp.png Graphic file (type png)

<use ./Images/nd_mclean_snp.png>
Package pdftex.def Info: ./Images/nd_mclean_snp.png used on input line 270.
(pdftex.def)             Requested size: 260.17465pt x 148.66295pt.

<./Images/wy_unemp_1995.png, id=84, 1003.75pt x 903.375pt>
File: ./Images/wy_unemp_1995.png Graphic file (type png)

<use ./Images/wy_unemp_1995.png>
Package pdftex.def Info: ./Images/wy_unemp_1995.png used on input line 285.
(pdftex.def)             Requested size: 156.10439pt x 140.49034pt.

Overfull \hbox (26.01706pt too wide) in paragraph at lines 285--286
[][] 
 []

<./Images/wy_unemp_2005.png, id=85, 1003.75pt x 903.375pt>
File: ./Images/wy_unemp_2005.png Graphic file (type png)

<use ./Images/wy_unemp_2005.png>
Package pdftex.def Info: ./Images/wy_unemp_2005.png used on input line 289.
(pdftex.def)             Requested size: 156.10439pt x 140.49034pt.

Overfull \hbox (26.01706pt too wide) in paragraph at lines 289--290
[][] 
 []

<./Images/wy_unemp_2015.png, id=86, 1003.75pt x 903.375pt>
File: ./Images/wy_unemp_2015.png Graphic file (type png)

<use ./Images/wy_unemp_2015.png>
Package pdftex.def Info: ./Images/wy_unemp_2015.png used on input line 293.
(pdftex.def)             Requested size: 156.10439pt x 140.49034pt.

Overfull \hbox (26.01706pt too wide) in paragraph at lines 293--294
[][] 
 []

<./Images/wy_prod_1995.png, id=87, 1003.75pt x 903.375pt>
File: ./Images/wy_prod_1995.png Graphic file (type png)

<use ./Images/wy_prod_1995.png>
Package pdftex.def Info: ./Images/wy_prod_1995.png used on input line 297.
(pdftex.def)             Requested size: 156.10439pt x 140.49034pt.

Overfull \hbox (26.01706pt too wide) in paragraph at lines 297--298
[][] 
 []

<./Images/wy_prod_2005.png, id=88, 1003.75pt x 903.375pt>
File: ./Images/wy_prod_2005.png Graphic file (type png)

<use ./Images/wy_prod_2005.png>
Package pdftex.def Info: ./Images/wy_prod_2005.png used on input line 301.
(pdftex.def)             Requested size: 156.10439pt x 140.49034pt.

Overfull \hbox (26.01706pt too wide) in paragraph at lines 301--302
[][] 
 []

<./Images/wy_prod_2015.png, id=89, 1003.75pt x 903.375pt>
File: ./Images/wy_prod_2015.png Graphic file (type png)

<use ./Images/wy_prod_2015.png>
Package pdftex.def Info: ./Images/wy_prod_2015.png used on input line 305.
(pdftex.def)             Requested size: 156.10439pt x 140.49034pt.

Overfull \hbox (26.01706pt too wide) in paragraph at lines 305--306
[][] 
 []


LaTeX Warning: `!h' float specifier changed to `!ht'.

<./Images/wy_sublette_oil_price.png, id=90, 1405.25pt x 803.0pt>
File: ./Images/wy_sublette_oil_price.png Graphic file (type png)

<use ./Images/wy_sublette_oil_price.png>
Package pdftex.def Info: ./Images/wy_sublette_oil_price.png used on input line 
314.
(pdftex.def)             Requested size: 260.17465pt x 148.66295pt.

<./Images/wy_sublette_oil_prod.png, id=91, 1405.25pt x 803.0pt>
File: ./Images/wy_sublette_oil_prod.png Graphic file (type png)

<use ./Images/wy_sublette_oil_prod.png>
Package pdftex.def Info: ./Images/wy_sublette_oil_prod.png used on input line 3
18.
(pdftex.def)             Requested size: 260.17465pt x 148.66295pt.

<./Images/wy_sublette_snp.png, id=92, 1405.25pt x 803.0pt>
File: ./Images/wy_sublette_snp.png Graphic file (type png)

<use ./Images/wy_sublette_snp.png>
Package pdftex.def Info: ./Images/wy_sublette_snp.png used on input line 322.
(pdftex.def)             Requested size: 260.17465pt x 148.66295pt.

<./Images/wy_sheridan_oil_price.png, id=93, 1405.25pt x 803.0pt>
File: ./Images/wy_sheridan_oil_price.png Graphic file (type png)

<use ./Images/wy_sheridan_oil_price.png>
Package pdftex.def Info: ./Images/wy_sheridan_oil_price.png used on input line 
331.
(pdftex.def)             Requested size: 260.17465pt x 148.66295pt.

<./Images/wy_sheridan_oil_prod.png, id=94, 1405.25pt x 803.0pt>
File: ./Images/wy_sheridan_oil_prod.png Graphic file (type png)

<use ./Images/wy_sheridan_oil_prod.png>
Package pdftex.def Info: ./Images/wy_sheridan_oil_prod.png used on input line 3
35.
(pdftex.def)             Requested size: 260.17465pt x 148.66295pt.

<./Images/wy_sheridan_snp.png, id=95, 1405.25pt x 803.0pt>
File: ./Images/wy_sheridan_snp.png Graphic file (type png)

<use ./Images/wy_sheridan_snp.png>
Package pdftex.def Info: ./Images/wy_sheridan_snp.png used on input line 339.
(pdftex.def)             Requested size: 260.17465pt x 148.66295pt.
 [11] [12 <./Images/nd_mckenzie_oil_price.png> <./Images/nd_mckenzie_oil_prod.p
ng> <./Images/nd_mckenzie_snp.png>] [13 <./Images/nd_mclean_oil_price.png> <./I
mages/nd_mclean_oil_prod.png> <./Images/nd_mclean_snp.png>] [14 <./Images/wy_un
emp_1995.png> <./Images/wy_unemp_2005.png> <./Images/wy_unemp_2015.png> <./Imag
es/wy_prod_1995.png> <./Images/wy_prod_2005.png> <./Images/wy_prod_2015.png>] [
15 <./Images/wy_sublette_oil_price.png> <./Images/wy_sublette_oil_prod.png> <./
Images/wy_sublette_snp.png>] [16 <./Images/wy_sheridan_oil_price.png> <./Images
/wy_sheridan_oil_prod.png> <./Images/wy_sheridan_snp.png>] (./Main.aux) ) 
Here is how much of TeX's memory you used:
 7229 strings out of 493089
 111718 string characters out of 6134842
 186831 words of memory out of 5000000
 10516 multiletter control sequences out of 15000+600000
 19973 words of font info for 45 fonts, out of 8000000 for 9000
 1141 hyphenation exceptions out of 8191
 59i,10n,94p,885b,549s stack positions out of 5000i,500n,10000p,200000b,80000s
{/usr/
local/texlive/2015/texmf-dist/fonts/enc/dvips/base/8r.enc}</usr/local/texlive/2
015/texmf-dist/fonts/type1/urw/times/utmb8a.pfb></usr/local/texlive/2015/texmf-
dist/fonts/type1/urw/times/utmr8a.pfb></usr/local/texlive/2015/texmf-dist/fonts
/type1/urw/times/utmri8a.pfb>
Output written on Main.pdf (16 pages, 5787734 bytes).
PDF statistics:
 146 PDF objects out of 1000 (max. 8388607)
 48 compressed objects within 1 object stream
 0 named destinations out of 1000 (max. 500000)
 191 words of extra memory for PDF output out of 10000 (max. 10000000)

